62
1 2 Building1
42949673 42949674 Building2
51539607 51539608 Building3
53257593 53257594 Building4
53601190 53601191 Building5
53944787 53257594 Building4
54288384 54288385 Building6
54631981 53257594 Building4
54975579 51539608 Building3
56693565 56693566 Building7
57037162 57037163 Building8
57380759 56693566 Building7
57724356 57724357 Building9
58067953 56693566 Building7
58411551 51539608 Building3
60129541 42949674 Building2
68719475 68719476 Building10
70437461 70437462 Building11
70781058 70781059 Building12
71124655 70437462 Building11
71468252 71468253 Building13
71811849 70437462 Building11
72155447 68719476 Building10
73873433 73873434 Building14
74217030 74217031 Building15
74560627 73873434 Building14
74904224 74904225 Building16
75247821 73873434 Building14
75591419 68719476 Building10
77309409 42949674 Building2
85899345 2 Building1
128849017 128849018 Building17
137438951 137438952 Building18
139156937 139156938 Building19
139500534 139500535 Building20
139844131 139156938 Building19
140187728 140187729 Building21
140531325 139156938 Building19
140874923 137438952 Building18
142592909 142592910 Building22
142936506 142936507 Building23
143280103 142592910 Building22
143623700 143623701 Building24
143967297 142592910 Building22
144310895 137438952 Building18
146028885 128849018 Building17
154618819 154618820 Building25
156336805 156336806 Building26
156680402 156680403 Building27
157023999 156336806 Building26
157367596 157367597 Building28
157711193 156336806 Building26
158054791 154618820 Building25
159772777 159772778 Building29
160116374 160116375 Building30
160459971 159772778 Building29
160803568 160803569 Building31
161147165 159772778 Building29
161490763 154618820 Building25
163208753 128849018 Building17
171798689 2 Building1
214748365 0 
